[master 19abeff] stay with the green
 1 file changed, 1 insertion(+), 1 deletion(-)
[master a1cb925] stay with the green
 2 files changed, 3 insertions(+)
[master b9376cb] stay with the green
 2 files changed, 3 insertions(+)
[master a693e3a] stay with the green
 3 files changed, 7 insertions(+), 4 deletions(-)
[master 48035fe] stay with the green
 2 files changed, 3 insertions(+)
[master 0d3e8b5] stay with the green
 2 files changed, 3 insertions(+)
[master b69fe36] stay with the green
 2 files changed, 3 insertions(+)
[master 0aa35fb] stay with the green
 2 files changed, 3 insertions(+)
[master 8f5b90a] stay with the green
 2 files changed, 3 insertions(+)
[master df78f63] stay with the green
 2 files changed, 3 insertions(+)
[master 9225add] stay green my friend
 4 files changed, 4 insertions(+), 8 deletions(-)
 delete mode 100644 .vscode/settings.json
[master a76a9fc] stay green my friend
 2 files changed, 4 insertions(+)
[master 7bb3119] stay green my friend
 2 files changed, 3 insertions(+)
[master 6e7a0da] stay green my friend
 2 files changed, 3 insertions(+)
[master 5dca385] stay green my friend
 2 files changed, 3 insertions(+)
[master 6a58bd0] stay green my friend
 2 files changed, 3 insertions(+)
[master 42299c3] stay green my friend
 2 files changed, 3 insertions(+)
